<html>
<head>
<title>TestNG:  Add Customer Test</title>
<link href="../testng.css" rel="stylesheet" type="text/css" />
<link href="../my-testng.css" rel="stylesheet" type="text/css" />

<style type="text/css">
.log { display: none;} 
.stack-trace { display: none;} 
</style>
<script type="text/javascript">
<!--
function flip(e) {
  current = e.style.display;
  if (current == 'block') {
    e.style.display = 'none';
    return 0;
  }
  else {
    e.style.display = 'block';
    return 1;
  }
}

function toggleBox(szDivId, elem, msg1, msg2)
{
  var res = -1;  if (document.getElementById) {
    res = flip(document.getElementById(szDivId));
  }
  else if (document.all) {
    // this is the way old msie versions work
    res = flip(document.all[szDivId]);
  }
  if(elem) {
    if(res == 0) elem.innerHTML = msg1; else elem.innerHTML = msg2;
  }

}

function toggleAllBoxes() {
  if (document.getElementsByTagName) {
    d = document.getElementsByTagName('div');
    for (i = 0; i < d.length; i++) {
      if (d[i].className == 'log') {
        flip(d[i]);
      }
    }
  }
}

// -->
</script>

</head>
<body>
<h2 align='center'>Add Customer Test</h2><table border='1' align="center">
<tr>
<td>Tests passed/Failed/Skipped:</td><td>0/7/0</td>
</tr><tr>
<td>Started on:</td><td>Tue Sep 22 22:19:07 IST 2020</td>
</tr>
<tr><td>Total time:</td><td>5 seconds (5320 ms)</td>
</tr><tr>
<td>Included groups:</td><td></td>
</tr><tr>
<td>Excluded groups:</td><td></td>
</tr>
</table><p/>
<small><i>(Hover the method name to see the test class name)</i></small><p/>
<table width='100%' border='1' class='invocation-failed'>
<tr><td colspan='4' align='center'><b>FAILED TESTS</b></td></tr>
<tr><td><b>Test method</b></td>
<td width="30%"><b>Exception</b></td>
<td width="10%"><b>Time (seconds)</b></td>
<td><b>Instance</b></td>
</tr>
<tr>
<td title='com.luna.testcases.AddCustomerTest.addCustomer()'><b>addCustomer</b><br>Test class: com.luna.testcases.AddCustomerTest<br>Parameters: Luna, Love, ty0071hg, Customer added successfully<br/>
<a href="#Output-234223040" onClick='toggleBox("Output-234223040", this, "Show output", "Hide output");'>Show output</a>

<a href="#Output-234223040" onClick="toggleAllBoxes();">Show all outputs</a>
<div class='log' id="Output-234223040">
<a target="_blank" href="Screenshot_Tue_Sep_22_22_19_08_IST_2020error.jpg">Screenshot</a><br/>
<br><br/>
<a target="_blank" href="Screenshot_Tue_Sep_22_22_19_08_IST_2020error.jpg"><img src="Screenshot_Tue_Sep_22_22_19_08_IST_2020error.jpg" height=200 width=200></img></a><br/>
</div>
</td>
<td><div><pre>java.lang.AssertionError: everytime::
	at com.luna.testcases.AddCustomerTest.addCustomer(AddCustomerTest.java:28)
... Removed 26 stack frames</pre></div><a href='#' onClick='toggleBox("stack-trace234223040", this, "Click to show all stack frames", "Click to hide stack frames")'>Click to show all stack frames</a>
<div class='stack-trace' id='stack-trace234223040'><pre>java.lang.AssertionError: everytime::
	at org.testng.Assert.fail(Assert.java:96)
	at com.luna.testcases.AddCustomerTest.addCustomer(AddCustomerTest.java:28)
	at sun.reflect.NativeMethodAccessorImpl.invoke0(Native Method)
	at sun.reflect.NativeMethodAccessorImpl.invoke(NativeMethodAccessorImpl.java:62)
	at sun.reflect.DelegatingMethodAccessorImpl.invoke(DelegatingMethodAccessorImpl.java:43)
	at java.lang.reflect.Method.invoke(Method.java:498)
	at org.testng.internal.MethodInvocationHelper.invokeMethod(MethodInvocationHelper.java:124)
	at org.testng.internal.Invoker.invokeMethod(Invoker.java:583)
	at org.testng.internal.Invoker.invokeTestMethod(Invoker.java:719)
	at org.testng.internal.Invoker.invokeTestMethods(Invoker.java:989)
	at org.testng.internal.TestMethodWorker.invokeTestMethods(TestMethodWorker.java:125)
	at org.testng.internal.TestMethodWorker.run(TestMethodWorker.java:109)
	at org.testng.TestRunner.privateRun(TestRunner.java:648)
	at org.testng.TestRunner.run(TestRunner.java:505)
	at org.testng.SuiteRunner.runTest(SuiteRunner.java:455)
	at org.testng.SuiteRunner.runSequentially(SuiteRunner.java:450)
	at org.testng.SuiteRunner.privateRun(SuiteRunner.java:415)
	at org.testng.SuiteRunner.run(SuiteRunner.java:364)
	at org.testng.SuiteRunnerWorker.runSuite(SuiteRunnerWorker.java:52)
	at org.testng.SuiteRunnerWorker.run(SuiteRunnerWorker.java:84)
	at org.testng.TestNG.runSuitesSequentially(TestNG.java:1208)
	at org.testng.TestNG.runSuitesLocally(TestNG.java:1137)
	at org.testng.TestNG.runSuites(TestNG.java:1049)
	at org.testng.TestNG.run(TestNG.java:1017)
	at org.testng.remote.AbstractRemoteTestNG.run(AbstractRemoteTestNG.java:115)
	at org.testng.remote.RemoteTestNG.initAndRun(RemoteTestNG.java:251)
	at org.testng.remote.RemoteTestNG.main(RemoteTestNG.java:77)
</pre></div></td>
<td>0</td>
<td>com.luna.testcases.AddCustomerTest@5e600dd5</td></tr>
<tr>
<td title='com.luna.testcases.AddCustomerTest.addCustomer()'><b>addCustomer</b><br>Test class: com.luna.testcases.AddCustomerTest<br>Parameters: Halo, Hulu, mndsi45s, Customer added successfully<br/>
<a href="#Output-1727424614" onClick='toggleBox("Output-1727424614", this, "Show output", "Hide output");'>Show output</a>

<a href="#Output-1727424614" onClick="toggleAllBoxes();">Show all outputs</a>
<div class='log' id="Output-1727424614">
<a target="_blank" href="Screenshot_Tue_Sep_22_22_19_08_IST_2020error.jpg">Screenshot</a><br/>
<br><br/>
<a target="_blank" href="Screenshot_Tue_Sep_22_22_19_08_IST_2020error.jpg"><img src="Screenshot_Tue_Sep_22_22_19_08_IST_2020error.jpg" height=200 width=200></img></a><br/>
</div>
</td>
<td><div><pre>java.lang.AssertionError: everytime::
	at com.luna.testcases.AddCustomerTest.addCustomer(AddCustomerTest.java:28)
... Removed 26 stack frames</pre></div><a href='#' onClick='toggleBox("stack-trace1727424614", this, "Click to show all stack frames", "Click to hide stack frames")'>Click to show all stack frames</a>
<div class='stack-trace' id='stack-trace1727424614'><pre>java.lang.AssertionError: everytime::
	at org.testng.Assert.fail(Assert.java:96)
	at com.luna.testcases.AddCustomerTest.addCustomer(AddCustomerTest.java:28)
	at sun.reflect.NativeMethodAccessorImpl.invoke0(Native Method)
	at sun.reflect.NativeMethodAccessorImpl.invoke(NativeMethodAccessorImpl.java:62)
	at sun.reflect.DelegatingMethodAccessorImpl.invoke(DelegatingMethodAccessorImpl.java:43)
	at java.lang.reflect.Method.invoke(Method.java:498)
	at org.testng.internal.MethodInvocationHelper.invokeMethod(MethodInvocationHelper.java:124)
	at org.testng.internal.Invoker.invokeMethod(Invoker.java:583)
	at org.testng.internal.Invoker.invokeTestMethod(Invoker.java:719)
	at org.testng.internal.Invoker.invokeTestMethods(Invoker.java:989)
	at org.testng.internal.TestMethodWorker.invokeTestMethods(TestMethodWorker.java:125)
	at org.testng.internal.TestMethodWorker.run(TestMethodWorker.java:109)
	at org.testng.TestRunner.privateRun(TestRunner.java:648)
	at org.testng.TestRunner.run(TestRunner.java:505)
	at org.testng.SuiteRunner.runTest(SuiteRunner.java:455)
	at org.testng.SuiteRunner.runSequentially(SuiteRunner.java:450)
	at org.testng.SuiteRunner.privateRun(SuiteRunner.java:415)
	at org.testng.SuiteRunner.run(SuiteRunner.java:364)
	at org.testng.SuiteRunnerWorker.runSuite(SuiteRunnerWorker.java:52)
	at org.testng.SuiteRunnerWorker.run(SuiteRunnerWorker.java:84)
	at org.testng.TestNG.runSuitesSequentially(TestNG.java:1208)
	at org.testng.TestNG.runSuitesLocally(TestNG.java:1137)
	at org.testng.TestNG.runSuites(TestNG.java:1049)
	at org.testng.TestNG.run(TestNG.java:1017)
	at org.testng.remote.AbstractRemoteTestNG.run(AbstractRemoteTestNG.java:115)
	at org.testng.remote.RemoteTestNG.initAndRun(RemoteTestNG.java:251)
	at org.testng.remote.RemoteTestNG.main(RemoteTestNG.java:77)
</pre></div></td>
<td>0</td>
<td>com.luna.testcases.AddCustomerTest@5e600dd5</td></tr>
<tr>
<td title='com.luna.testcases.AddCustomerTest.addCustomer()'><b>addCustomer</b><br>Test class: com.luna.testcases.AddCustomerTest<br>Parameters: Cosmo, Cochi, mmnvu49, Customer added successfully<br/>
<a href="#Output-1346354118" onClick='toggleBox("Output-1346354118", this, "Show output", "Hide output");'>Show output</a>

<a href="#Output-1346354118" onClick="toggleAllBoxes();">Show all outputs</a>
<div class='log' id="Output-1346354118">
<a target="_blank" href="Screenshot_Tue_Sep_22_22_19_09_IST_2020error.jpg">Screenshot</a><br/>
<br><br/>
<a target="_blank" href="Screenshot_Tue_Sep_22_22_19_09_IST_2020error.jpg"><img src="Screenshot_Tue_Sep_22_22_19_09_IST_2020error.jpg" height=200 width=200></img></a><br/>
</div>
</td>
<td><div><pre>java.lang.AssertionError: everytime::
	at com.luna.testcases.AddCustomerTest.addCustomer(AddCustomerTest.java:28)
... Removed 26 stack frames</pre></div><a href='#' onClick='toggleBox("stack-trace1346354118", this, "Click to show all stack frames", "Click to hide stack frames")'>Click to show all stack frames</a>
<div class='stack-trace' id='stack-trace1346354118'><pre>java.lang.AssertionError: everytime::
	at org.testng.Assert.fail(Assert.java:96)
	at com.luna.testcases.AddCustomerTest.addCustomer(AddCustomerTest.java:28)
	at sun.reflect.NativeMethodAccessorImpl.invoke0(Native Method)
	at sun.reflect.NativeMethodAccessorImpl.invoke(NativeMethodAccessorImpl.java:62)
	at sun.reflect.DelegatingMethodAccessorImpl.invoke(DelegatingMethodAccessorImpl.java:43)
	at java.lang.reflect.Method.invoke(Method.java:498)
	at org.testng.internal.MethodInvocationHelper.invokeMethod(MethodInvocationHelper.java:124)
	at org.testng.internal.Invoker.invokeMethod(Invoker.java:583)
	at org.testng.internal.Invoker.invokeTestMethod(Invoker.java:719)
	at org.testng.internal.Invoker.invokeTestMethods(Invoker.java:989)
	at org.testng.internal.TestMethodWorker.invokeTestMethods(TestMethodWorker.java:125)
	at org.testng.internal.TestMethodWorker.run(TestMethodWorker.java:109)
	at org.testng.TestRunner.privateRun(TestRunner.java:648)
	at org.testng.TestRunner.run(TestRunner.java:505)
	at org.testng.SuiteRunner.runTest(SuiteRunner.java:455)
	at org.testng.SuiteRunner.runSequentially(SuiteRunner.java:450)
	at org.testng.SuiteRunner.privateRun(SuiteRunner.java:415)
	at org.testng.SuiteRunner.run(SuiteRunner.java:364)
	at org.testng.SuiteRunnerWorker.runSuite(SuiteRunnerWorker.java:52)
	at org.testng.SuiteRunnerWorker.run(SuiteRunnerWorker.java:84)
	at org.testng.TestNG.runSuitesSequentially(TestNG.java:1208)
	at org.testng.TestNG.runSuitesLocally(TestNG.java:1137)
	at org.testng.TestNG.runSuites(TestNG.java:1049)
	at org.testng.TestNG.run(TestNG.java:1017)
	at org.testng.remote.AbstractRemoteTestNG.run(AbstractRemoteTestNG.java:115)
	at org.testng.remote.RemoteTestNG.initAndRun(RemoteTestNG.java:251)
	at org.testng.remote.RemoteTestNG.main(RemoteTestNG.java:77)
</pre></div></td>
<td>0</td>
<td>com.luna.testcases.AddCustomerTest@5e600dd5</td></tr>
<tr>
<td title='com.luna.testcases.AddCustomerTest.addCustomer()'><b>addCustomer</b><br>Test class: com.luna.testcases.AddCustomerTest<br>Parameters: Misty, Loovey, 56bdj122, Customer added successfully<br/>
<a href="#Output-467146800" onClick='toggleBox("Output-467146800", this, "Show output", "Hide output");'>Show output</a>

<a href="#Output-467146800" onClick="toggleAllBoxes();">Show all outputs</a>
<div class='log' id="Output-467146800">
<a target="_blank" href="Screenshot_Tue_Sep_22_22_19_10_IST_2020error.jpg">Screenshot</a><br/>
<br><br/>
<a target="_blank" href="Screenshot_Tue_Sep_22_22_19_10_IST_2020error.jpg"><img src="Screenshot_Tue_Sep_22_22_19_10_IST_2020error.jpg" height=200 width=200></img></a><br/>
</div>
</td>
<td><div><pre>java.lang.AssertionError: everytime::
	at com.luna.testcases.AddCustomerTest.addCustomer(AddCustomerTest.java:28)
... Removed 26 stack frames</pre></div><a href='#' onClick='toggleBox("stack-trace467146800", this, "Click to show all stack frames", "Click to hide stack frames")'>Click to show all stack frames</a>
<div class='stack-trace' id='stack-trace467146800'><pre>java.lang.AssertionError: everytime::
	at org.testng.Assert.fail(Assert.java:96)
	at com.luna.testcases.AddCustomerTest.addCustomer(AddCustomerTest.java:28)
	at sun.reflect.NativeMethodAccessorImpl.invoke0(Native Method)
	at sun.reflect.NativeMethodAccessorImpl.invoke(NativeMethodAccessorImpl.java:62)
	at sun.reflect.DelegatingMethodAccessorImpl.invoke(DelegatingMethodAccessorImpl.java:43)
	at java.lang.reflect.Method.invoke(Method.java:498)
	at org.testng.internal.MethodInvocationHelper.invokeMethod(MethodInvocationHelper.java:124)
	at org.testng.internal.Invoker.invokeMethod(Invoker.java:583)
	at org.testng.internal.Invoker.invokeTestMethod(Invoker.java:719)
	at org.testng.internal.Invoker.invokeTestMethods(Invoker.java:989)
	at org.testng.internal.TestMethodWorker.invokeTestMethods(TestMethodWorker.java:125)
	at org.testng.internal.TestMethodWorker.run(TestMethodWorker.java:109)
	at org.testng.TestRunner.privateRun(TestRunner.java:648)
	at org.testng.TestRunner.run(TestRunner.java:505)
	at org.testng.SuiteRunner.runTest(SuiteRunner.java:455)
	at org.testng.SuiteRunner.runSequentially(SuiteRunner.java:450)
	at org.testng.SuiteRunner.privateRun(SuiteRunner.java:415)
	at org.testng.SuiteRunner.run(SuiteRunner.java:364)
	at org.testng.SuiteRunnerWorker.runSuite(SuiteRunnerWorker.java:52)
	at org.testng.SuiteRunnerWorker.run(SuiteRunnerWorker.java:84)
	at org.testng.TestNG.runSuitesSequentially(TestNG.java:1208)
	at org.testng.TestNG.runSuitesLocally(TestNG.java:1137)
	at org.testng.TestNG.runSuites(TestNG.java:1049)
	at org.testng.TestNG.run(TestNG.java:1017)
	at org.testng.remote.AbstractRemoteTestNG.run(AbstractRemoteTestNG.java:115)
	at org.testng.remote.RemoteTestNG.initAndRun(RemoteTestNG.java:251)
	at org.testng.remote.RemoteTestNG.main(RemoteTestNG.java:77)
</pre></div></td>
<td>0</td>
<td>com.luna.testcases.AddCustomerTest@5e600dd5</td></tr>
<tr>
<td title='com.luna.testcases.AddCustomerTest.addCustomer()'><b>addCustomer</b><br>Test class: com.luna.testcases.AddCustomerTest<br>Parameters: Onyx, Cutie, hgn229cd, Customer added successfully<br/>
<a href="#Output-1091736037" onClick='toggleBox("Output-1091736037", this, "Show output", "Hide output");'>Show output</a>

<a href="#Output-1091736037" onClick="toggleAllBoxes();">Show all outputs</a>
<div class='log' id="Output-1091736037">
<a target="_blank" href="Screenshot_Tue_Sep_22_22_19_10_IST_2020error.jpg">Screenshot</a><br/>
<br><br/>
<a target="_blank" href="Screenshot_Tue_Sep_22_22_19_10_IST_2020error.jpg"><img src="Screenshot_Tue_Sep_22_22_19_10_IST_2020error.jpg" height=200 width=200></img></a><br/>
</div>
</td>
<td><div><pre>java.lang.AssertionError: everytime::
	at com.luna.testcases.AddCustomerTest.addCustomer(AddCustomerTest.java:28)
... Removed 26 stack frames</pre></div><a href='#' onClick='toggleBox("stack-trace1091736037", this, "Click to show all stack frames", "Click to hide stack frames")'>Click to show all stack frames</a>
<div class='stack-trace' id='stack-trace1091736037'><pre>java.lang.AssertionError: everytime::
	at org.testng.Assert.fail(Assert.java:96)
	at com.luna.testcases.AddCustomerTest.addCustomer(AddCustomerTest.java:28)
	at sun.reflect.NativeMethodAccessorImpl.invoke0(Native Method)
	at sun.reflect.NativeMethodAccessorImpl.invoke(NativeMethodAccessorImpl.java:62)
	at sun.reflect.DelegatingMethodAccessorImpl.invoke(DelegatingMethodAccessorImpl.java:43)
	at java.lang.reflect.Method.invoke(Method.java:498)
	at org.testng.internal.MethodInvocationHelper.invokeMethod(MethodInvocationHelper.java:124)
	at org.testng.internal.Invoker.invokeMethod(Invoker.java:583)
	at org.testng.internal.Invoker.invokeTestMethod(Invoker.java:719)
	at org.testng.internal.Invoker.invokeTestMethods(Invoker.java:989)
	at org.testng.internal.TestMethodWorker.invokeTestMethods(TestMethodWorker.java:125)
	at org.testng.internal.TestMethodWorker.run(TestMethodWorker.java:109)
	at org.testng.TestRunner.privateRun(TestRunner.java:648)
	at org.testng.TestRunner.run(TestRunner.java:505)
	at org.testng.SuiteRunner.runTest(SuiteRunner.java:455)
	at org.testng.SuiteRunner.runSequentially(SuiteRunner.java:450)
	at org.testng.SuiteRunner.privateRun(SuiteRunner.java:415)
	at org.testng.SuiteRunner.run(SuiteRunner.java:364)
	at org.testng.SuiteRunnerWorker.runSuite(SuiteRunnerWorker.java:52)
	at org.testng.SuiteRunnerWorker.run(SuiteRunnerWorker.java:84)
	at org.testng.TestNG.runSuitesSequentially(TestNG.java:1208)
	at org.testng.TestNG.runSuitesLocally(TestNG.java:1137)
	at org.testng.TestNG.runSuites(TestNG.java:1049)
	at org.testng.TestNG.run(TestNG.java:1017)
	at org.testng.remote.AbstractRemoteTestNG.run(AbstractRemoteTestNG.java:115)
	at org.testng.remote.RemoteTestNG.initAndRun(RemoteTestNG.java:251)
	at org.testng.remote.RemoteTestNG.main(RemoteTestNG.java:77)
</pre></div></td>
<td>0</td>
<td>com.luna.testcases.AddCustomerTest@5e600dd5</td></tr>
<tr>
<td title='com.luna.testcases.AddCustomerTest.addCustomer()'><b>addCustomer</b><br>Test class: com.luna.testcases.AddCustomerTest<br>Parameters: Kaiser, Kaichu, 837jnjc02, Customer added successfully<br/>
<a href="#Output-332498651" onClick='toggleBox("Output-332498651", this, "Show output", "Hide output");'>Show output</a>

<a href="#Output-332498651" onClick="toggleAllBoxes();">Show all outputs</a>
<div class='log' id="Output-332498651">
<a target="_blank" href="Screenshot_Tue_Sep_22_22_19_11_IST_2020error.jpg">Screenshot</a><br/>
<br><br/>
<a target="_blank" href="Screenshot_Tue_Sep_22_22_19_11_IST_2020error.jpg"><img src="Screenshot_Tue_Sep_22_22_19_11_IST_2020error.jpg" height=200 width=200></img></a><br/>
</div>
</td>
<td><div><pre>java.lang.AssertionError: everytime::
	at com.luna.testcases.AddCustomerTest.addCustomer(AddCustomerTest.java:28)
... Removed 26 stack frames</pre></div><a href='#' onClick='toggleBox("stack-trace332498651", this, "Click to show all stack frames", "Click to hide stack frames")'>Click to show all stack frames</a>
<div class='stack-trace' id='stack-trace332498651'><pre>java.lang.AssertionError: everytime::
	at org.testng.Assert.fail(Assert.java:96)
	at com.luna.testcases.AddCustomerTest.addCustomer(AddCustomerTest.java:28)
	at sun.reflect.NativeMethodAccessorImpl.invoke0(Native Method)
	at sun.reflect.NativeMethodAccessorImpl.invoke(NativeMethodAccessorImpl.java:62)
	at sun.reflect.DelegatingMethodAccessorImpl.invoke(DelegatingMethodAccessorImpl.java:43)
	at java.lang.reflect.Method.invoke(Method.java:498)
	at org.testng.internal.MethodInvocationHelper.invokeMethod(MethodInvocationHelper.java:124)
	at org.testng.internal.Invoker.invokeMethod(Invoker.java:583)
	at org.testng.internal.Invoker.invokeTestMethod(Invoker.java:719)
	at org.testng.internal.Invoker.invokeTestMethods(Invoker.java:989)
	at org.testng.internal.TestMethodWorker.invokeTestMethods(TestMethodWorker.java:125)
	at org.testng.internal.TestMethodWorker.run(TestMethodWorker.java:109)
	at org.testng.TestRunner.privateRun(TestRunner.java:648)
	at org.testng.TestRunner.run(TestRunner.java:505)
	at org.testng.SuiteRunner.runTest(SuiteRunner.java:455)
	at org.testng.SuiteRunner.runSequentially(SuiteRunner.java:450)
	at org.testng.SuiteRunner.privateRun(SuiteRunner.java:415)
	at org.testng.SuiteRunner.run(SuiteRunner.java:364)
	at org.testng.SuiteRunnerWorker.runSuite(SuiteRunnerWorker.java:52)
	at org.testng.SuiteRunnerWorker.run(SuiteRunnerWorker.java:84)
	at org.testng.TestNG.runSuitesSequentially(TestNG.java:1208)
	at org.testng.TestNG.runSuitesLocally(TestNG.java:1137)
	at org.testng.TestNG.runSuites(TestNG.java:1049)
	at org.testng.TestNG.run(TestNG.java:1017)
	at org.testng.remote.AbstractRemoteTestNG.run(AbstractRemoteTestNG.java:115)
	at org.testng.remote.RemoteTestNG.initAndRun(RemoteTestNG.java:251)
	at org.testng.remote.RemoteTestNG.main(RemoteTestNG.java:77)
</pre></div></td>
<td>0</td>
<td>com.luna.testcases.AddCustomerTest@5e600dd5</td></tr>
<tr>
<td title='com.luna.testcases.AddCustomerTest.addCustomer()'><b>addCustomer</b><br>Test class: com.luna.testcases.AddCustomerTest<br>Parameters: Notty, Naughty, 263002nc, Customer added successfully<br/>
<a href="#Output-818859466" onClick='toggleBox("Output-818859466", this, "Show output", "Hide output");'>Show output</a>

<a href="#Output-818859466" onClick="toggleAllBoxes();">Show all outputs</a>
<div class='log' id="Output-818859466">
<a target="_blank" href="Screenshot_Tue_Sep_22_22_19_12_IST_2020error.jpg">Screenshot</a><br/>
<br><br/>
<a target="_blank" href="Screenshot_Tue_Sep_22_22_19_12_IST_2020error.jpg"><img src="Screenshot_Tue_Sep_22_22_19_12_IST_2020error.jpg" height=200 width=200></img></a><br/>
</div>
</td>
<td><div><pre>java.lang.AssertionError: everytime::
	at com.luna.testcases.AddCustomerTest.addCustomer(AddCustomerTest.java:28)
... Removed 26 stack frames</pre></div><a href='#' onClick='toggleBox("stack-trace818859466", this, "Click to show all stack frames", "Click to hide stack frames")'>Click to show all stack frames</a>
<div class='stack-trace' id='stack-trace818859466'><pre>java.lang.AssertionError: everytime::
	at org.testng.Assert.fail(Assert.java:96)
	at com.luna.testcases.AddCustomerTest.addCustomer(AddCustomerTest.java:28)
	at sun.reflect.NativeMethodAccessorImpl.invoke0(Native Method)
	at sun.reflect.NativeMethodAccessorImpl.invoke(NativeMethodAccessorImpl.java:62)
	at sun.reflect.DelegatingMethodAccessorImpl.invoke(DelegatingMethodAccessorImpl.java:43)
	at java.lang.reflect.Method.invoke(Method.java:498)
	at org.testng.internal.MethodInvocationHelper.invokeMethod(MethodInvocationHelper.java:124)
	at org.testng.internal.Invoker.invokeMethod(Invoker.java:583)
	at org.testng.internal.Invoker.invokeTestMethod(Invoker.java:719)
	at org.testng.internal.Invoker.invokeTestMethods(Invoker.java:989)
	at org.testng.internal.TestMethodWorker.invokeTestMethods(TestMethodWorker.java:125)
	at org.testng.internal.TestMethodWorker.run(TestMethodWorker.java:109)
	at org.testng.TestRunner.privateRun(TestRunner.java:648)
	at org.testng.TestRunner.run(TestRunner.java:505)
	at org.testng.SuiteRunner.runTest(SuiteRunner.java:455)
	at org.testng.SuiteRunner.runSequentially(SuiteRunner.java:450)
	at org.testng.SuiteRunner.privateRun(SuiteRunner.java:415)
	at org.testng.SuiteRunner.run(SuiteRunner.java:364)
	at org.testng.SuiteRunnerWorker.runSuite(SuiteRunnerWorker.java:52)
	at org.testng.SuiteRunnerWorker.run(SuiteRunnerWorker.java:84)
	at org.testng.TestNG.runSuitesSequentially(TestNG.java:1208)
	at org.testng.TestNG.runSuitesLocally(TestNG.java:1137)
	at org.testng.TestNG.runSuites(TestNG.java:1049)
	at org.testng.TestNG.run(TestNG.java:1017)
	at org.testng.remote.AbstractRemoteTestNG.run(AbstractRemoteTestNG.java:115)
	at org.testng.remote.RemoteTestNG.initAndRun(RemoteTestNG.java:251)
	at org.testng.remote.RemoteTestNG.main(RemoteTestNG.java:77)
</pre></div></td>
<td>0</td>
<td>com.luna.testcases.AddCustomerTest@5e600dd5</td></tr>
</table><p>
</body>
</html>